<?xml version="1.0" encoding="UTF-8"?>
<robot generator="Robot 3.2.2 (Python 3.11.2 on win32)" generated="20230327 17:49:22.482" rpa="false">
<suite id="s1" name="TestSuite01" source="C:\Users\mohamed.ali\IdeaProjects\Demo\src\test\TestSuite01.robot">
<kw name="Log" library="BuiltIn" type="setup">
<doc>Logs the given message with the given level.</doc>
<arguments>
<arg>I'm inside Test Suite Setup</arg>
</arguments>
<msg timestamp="20230327 17:49:22.632" level="INFO">I'm inside Test Suite Setup</msg>
<status status="PASS" starttime="20230327 17:49:22.632" endtime="20230327 17:49:22.632"></status>
</kw>
<test id="s1-t1" name="MyFirstTest">
<kw name="Log" library="BuiltIn" type="setup">
<doc>Logs the given message with the given level.</doc>
<arguments>
<arg>I'm inside Test Setup</arg>
</arguments>
<msg timestamp="20230327 17:49:22.633" level="INFO">I'm inside Test Setup</msg>
<status status="PASS" starttime="20230327 17:49:22.632" endtime="20230327 17:49:22.633"></status>
</kw>
<kw name="Log" library="BuiltIn">
<doc>Logs the given message with the given level.</doc>
<arguments>
<arg>Hello World...</arg>
</arguments>
<msg timestamp="20230327 17:49:22.633" level="INFO">Hello World...</msg>
<status status="PASS" starttime="20230327 17:49:22.633" endtime="20230327 17:49:22.633"></status>
</kw>
<kw name="Log" library="BuiltIn" type="teardown">
<doc>Logs the given message with the given level.</doc>
<arguments>
<arg>I'm inside Test Teardwon</arg>
</arguments>
<msg timestamp="20230327 17:49:22.634" level="INFO">I'm inside Test Teardwon</msg>
<status status="PASS" starttime="20230327 17:49:22.634" endtime="20230327 17:49:22.634"></status>
</kw>
<tags>
<tag>smoke</tag>
</tags>
<status status="PASS" starttime="20230327 17:49:22.632" endtime="20230327 17:49:22.634" critical="yes"></status>
</test>
<kw name="Log" library="BuiltIn" type="teardown">
<doc>Logs the given message with the given level.</doc>
<arguments>
<arg>I'm inside Test Suite Teardown</arg>
</arguments>
<msg timestamp="20230327 17:49:22.636" level="INFO">I'm inside Test Suite Teardown</msg>
<status status="PASS" starttime="20230327 17:49:22.636" endtime="20230327 17:49:22.636"></status>
</kw>
<status status="PASS" starttime="20230327 17:49:22.483" endtime="20230327 17:49:22.636"></status>
</suite>
<statistics>
<total>
<stat pass="1" fail="0">Critical Tests</stat>
<stat pass="1" fail="0">All Tests</stat>
</total>
<tag>
<stat pass="1" fail="0">smoke</stat>
</tag>
<suite>
<stat pass="1" fail="0" id="s1" name="TestSuite01">TestSuite01</stat>
</suite>
</statistics>
<errors>
</errors>
</robot>
