<?xml version="1.0" encoding="UTF-8"?>
<robot generator="Robot 3.2.2 (Python 3.11.2 on win32)" generated="20230327 17:41:39.367" rpa="false">
<suite id="s1" name="TestSuite01" source="C:\Users\mohamed.ali\IdeaProjects\Demo\src\test\TestSuite01.robot">
<kw name="Log" library="BuiltIn" type="setup">
<doc>Logs the given message with the given level.</doc>
<arguments>
<arg>I'm inside Test Suite Setup</arg>
</arguments>
<msg timestamp="20230327 17:41:39.547" level="INFO">I'm inside Test Suite Setup</msg>
<status status="PASS" starttime="20230327 17:41:39.547" endtime="20230327 17:41:39.548"></status>
</kw>
<test id="s1-t1" name="MyFirstTest">
<kw name="Log" library="BuiltIn" type="setup">
<doc>Logs the given message with the given level.</doc>
<arguments>
<arg>I'm inside Test Setup</arg>
</arguments>
<msg timestamp="20230327 17:41:39.550" level="INFO">I'm inside Test Setup</msg>
<status status="PASS" starttime="20230327 17:41:39.549" endtime="20230327 17:41:39.550"></status>
</kw>
<kw name="Log" library="BuiltIn">
<doc>Logs the given message with the given level.</doc>
<arguments>
<arg>Hello World...</arg>
</arguments>
<msg timestamp="20230327 17:41:39.550" level="INFO">Hello World...</msg>
<status status="PASS" starttime="20230327 17:41:39.550" endtime="20230327 17:41:39.550"></status>
</kw>
<kw name="Log" library="BuiltIn" type="teardown">
<doc>Logs the given message with the given level.</doc>
<arguments>
<arg>I'm inside Test Teardwon</arg>
</arguments>
<msg timestamp="20230327 17:41:39.551" level="INFO">I'm inside Test Teardwon</msg>
<status status="PASS" starttime="20230327 17:41:39.550" endtime="20230327 17:41:39.551"></status>
</kw>
<tags>
<tag>smoke</tag>
</tags>
<status status="PASS" starttime="20230327 17:41:39.549" endtime="20230327 17:41:39.551" critical="yes"></status>
</test>
<test id="s1-t2" name="MySecondTest">
<kw name="Log" library="BuiltIn" type="setup">
<doc>Logs the given message with the given level.</doc>
<arguments>
<arg>I'm inside Test Setup</arg>
</arguments>
<msg timestamp="20230327 17:41:39.552" level="INFO">I'm inside Test Setup</msg>
<status status="PASS" starttime="20230327 17:41:39.551" endtime="20230327 17:41:39.552"></status>
</kw>
<kw name="Log" library="BuiltIn">
<doc>Logs the given message with the given level.</doc>
<arguments>
<arg>Hello Second...</arg>
</arguments>
<msg timestamp="20230327 17:41:39.552" level="INFO">Hello Second...</msg>
<status status="PASS" starttime="20230327 17:41:39.552" endtime="20230327 17:41:39.552"></status>
</kw>
<kw name="Log" library="BuiltIn" type="teardown">
<doc>Logs the given message with the given level.</doc>
<arguments>
<arg>I'm inside Test Teardwon</arg>
</arguments>
<msg timestamp="20230327 17:41:39.552" level="INFO">I'm inside Test Teardwon</msg>
<status status="PASS" starttime="20230327 17:41:39.552" endtime="20230327 17:41:39.552"></status>
</kw>
<tags>
<tag>sanity</tag>
</tags>
<status status="PASS" starttime="20230327 17:41:39.551" endtime="20230327 17:41:39.552" critical="yes"></status>
</test>
<test id="s1-t3" name="MyThirdTest">
<kw name="Log" library="BuiltIn" type="setup">
<doc>Logs the given message with the given level.</doc>
<arguments>
<arg>I'm inside Test Setup</arg>
</arguments>
<msg timestamp="20230327 17:41:39.554" level="INFO">I'm inside Test Setup</msg>
<status status="PASS" starttime="20230327 17:41:39.554" endtime="20230327 17:41:39.554"></status>
</kw>
<kw name="Log" library="BuiltIn">
<doc>Logs the given message with the given level.</doc>
<arguments>
<arg>Hello Third...</arg>
</arguments>
<msg timestamp="20230327 17:41:39.554" level="INFO">Hello Third...</msg>
<status status="PASS" starttime="20230327 17:41:39.554" endtime="20230327 17:41:39.555"></status>
</kw>
<kw name="Log" library="BuiltIn" type="teardown">
<doc>Logs the given message with the given level.</doc>
<arguments>
<arg>I'm inside Test Teardwon</arg>
</arguments>
<msg timestamp="20230327 17:41:39.555" level="INFO">I'm inside Test Teardwon</msg>
<status status="PASS" starttime="20230327 17:41:39.555" endtime="20230327 17:41:39.555"></status>
</kw>
<tags>
<tag>sanity</tag>
</tags>
<status status="PASS" starttime="20230327 17:41:39.553" endtime="20230327 17:41:39.555" critical="yes"></status>
</test>
<kw name="Log" library="BuiltIn" type="teardown">
<doc>Logs the given message with the given level.</doc>
<arguments>
<arg>I'm inside Test Suite Teardown</arg>
</arguments>
<msg timestamp="20230327 17:41:39.556" level="INFO">I'm inside Test Suite Teardown</msg>
<status status="PASS" starttime="20230327 17:41:39.556" endtime="20230327 17:41:39.556"></status>
</kw>
<status status="PASS" starttime="20230327 17:41:39.369" endtime="20230327 17:41:39.556"></status>
</suite>
<statistics>
<total>
<stat pass="3" fail="0">Critical Tests</stat>
<stat pass="3" fail="0">All Tests</stat>
</total>
<tag>
<stat pass="2" fail="0">sanity</stat>
<stat pass="1" fail="0">smoke</stat>
</tag>
<suite>
<stat pass="3" fail="0" id="s1" name="TestSuite01">TestSuite01</stat>
</suite>
</statistics>
<errors>
</errors>
</robot>
