<?xml version="1.0" encoding="UTF-8"?>
<robot generator="Robot 3.2.2 (Python 3.11.2 on win32)" generated="20230327 17:21:44.198" rpa="false">
<suite id="s1" name="TestSuite01" source="C:\Users\mohamed.ali\IdeaProjects\Demo\src\test\TestSuite01.robot">
<kw name="Log" library="BuiltIn" type="setup">
<doc>Logs the given message with the given level.</doc>
<arguments>
<arg>I'm inside Test Suite Setup</arg>
</arguments>
<msg timestamp="20230327 17:21:44.339" level="INFO">I'm inside Test Suite Setup</msg>
<status status="PASS" starttime="20230327 17:21:44.339" endtime="20230327 17:21:44.339"></status>
</kw>
<test id="s1-t1" name="MyFirstTest">
<kw name="Log" library="BuiltIn" type="setup">
<doc>Logs the given message with the given level.</doc>
<arguments>
<arg>I'm inside Test Setup</arg>
</arguments>
<msg timestamp="20230327 17:21:44.340" level="INFO">I'm inside Test Setup</msg>
<status status="PASS" starttime="20230327 17:21:44.340" endtime="20230327 17:21:44.340"></status>
</kw>
<kw name="Log" library="BuiltIn">
<doc>Logs the given message with the given level.</doc>
<arguments>
<arg>Hello World...</arg>
</arguments>
<msg timestamp="20230327 17:21:44.341" level="INFO">Hello World...</msg>
<status status="PASS" starttime="20230327 17:21:44.341" endtime="20230327 17:21:44.341"></status>
</kw>
<kw name="Log" library="BuiltIn" type="teardown">
<doc>Logs the given message with the given level.</doc>
<arguments>
<arg>I'm inside Test Teardwon</arg>
</arguments>
<msg timestamp="20230327 17:21:44.341" level="INFO">I'm inside Test Teardwon</msg>
<status status="PASS" starttime="20230327 17:21:44.341" endtime="20230327 17:21:44.341"></status>
</kw>
<status status="PASS" starttime="20230327 17:21:44.339" endtime="20230327 17:21:44.342" critical="yes"></status>
</test>
<test id="s1-t2" name="FirstSeleniumTest">
<kw name="Log" library="BuiltIn" type="setup">
<doc>Logs the given message with the given level.</doc>
<arguments>
<arg>I'm inside Test Setup</arg>
</arguments>
<msg timestamp="20230327 17:21:44.344" level="INFO">I'm inside Test Setup</msg>
<status status="PASS" starttime="20230327 17:21:44.344" endtime="20230327 17:21:44.344"></status>
</kw>
<kw name="Open Browser" library="SeleniumLibrary">
<doc>Opens a new browser instance to the optional ``url``.</doc>
<arguments>
<arg>https://google.com</arg>
<arg>chrome</arg>
</arguments>
<msg timestamp="20230327 17:21:44.344" level="INFO">Opening browser 'chrome' to base url 'https://google.com'.</msg>
<status status="PASS" starttime="20230327 17:21:44.344" endtime="20230327 17:21:58.276"></status>
</kw>
<kw name="Set Browser Implicit Wait" library="SeleniumLibrary">
<doc>Sets the implicit wait value used by Selenium.</doc>
<arguments>
<arg>2</arg>
</arguments>
<status status="PASS" starttime="20230327 17:21:58.277" endtime="20230327 17:21:58.278"></status>
</kw>
<kw name="Input Text" library="SeleniumLibrary">
<doc>Types the given ``text`` into the text field identified by ``locator``.</doc>
<arguments>
<arg>name=q</arg>
<arg>Automation Step by Step</arg>
</arguments>
<msg timestamp="20230327 17:21:58.279" level="INFO">Typing text 'Automation Step by Step' into text field 'name=q'.</msg>
<status status="PASS" starttime="20230327 17:21:58.278" endtime="20230327 17:21:58.390"></status>
</kw>
<kw name="Press Keys" library="SeleniumLibrary">
<doc>Simulates the user pressing key(s) to an element or on the active browser.</doc>
<arguments>
<arg>name=q</arg>
<arg>ESCAPE</arg>
</arguments>
<msg timestamp="20230327 17:21:58.391" level="INFO">Sending key(s) ('ESCAPE',) to name=q element.</msg>
<msg timestamp="20230327 17:21:58.682" level="INFO">Pressing special key ESCAPE to element.</msg>
<msg timestamp="20230327 17:21:58.682" level="INFO">Releasing special key ESCAPE.</msg>
<status status="PASS" starttime="20230327 17:21:58.390" endtime="20230327 17:21:58.742"></status>
</kw>
<kw name="Click Button" library="SeleniumLibrary">
<doc>Clicks the button identified by ``locator``.</doc>
<arguments>
<arg>xpath=//div[4]//center/input[1]</arg>
</arguments>
<msg timestamp="20230327 17:21:58.742" level="INFO">Clicking button 'xpath=//div[4]//center/input[1]'.</msg>
<status status="PASS" starttime="20230327 17:21:58.742" endtime="20230327 17:22:08.626"></status>
</kw>
<kw name="Sleep" library="BuiltIn">
<doc>Pauses the test executed for the given time.</doc>
<arguments>
<arg>3</arg>
</arguments>
<msg timestamp="20230327 17:22:11.627" level="INFO">Slept 3 seconds</msg>
<status status="PASS" starttime="20230327 17:22:08.627" endtime="20230327 17:22:11.627"></status>
</kw>
<kw name="Close Browser" library="SeleniumLibrary">
<doc>Closes the current browser.</doc>
<status status="PASS" starttime="20230327 17:22:11.627" endtime="20230327 17:22:13.781"></status>
</kw>
<kw name="Log" library="BuiltIn">
<doc>Logs the given message with the given level.</doc>
<arguments>
<arg>Test Completed</arg>
</arguments>
<msg timestamp="20230327 17:22:13.782" level="INFO">Test Completed</msg>
<status status="PASS" starttime="20230327 17:22:13.782" endtime="20230327 17:22:13.782"></status>
</kw>
<kw name="Log" library="BuiltIn" type="teardown">
<doc>Logs the given message with the given level.</doc>
<arguments>
<arg>I'm inside Test Teardwon</arg>
</arguments>
<msg timestamp="20230327 17:22:13.783" level="INFO">I'm inside Test Teardwon</msg>
<status status="PASS" starttime="20230327 17:22:13.783" endtime="20230327 17:22:13.783"></status>
</kw>
<status status="PASS" starttime="20230327 17:21:44.343" endtime="20230327 17:22:13.783" critical="yes"></status>
</test>
<test id="s1-t3" name="SamleLoginTest">
<kw name="Log" library="BuiltIn" type="setup">
<doc>Logs the given message with the given level.</doc>
<arguments>
<arg>I'm inside Test Setup</arg>
</arguments>
<msg timestamp="20230327 17:22:13.785" level="INFO">I'm inside Test Setup</msg>
<status status="PASS" starttime="20230327 17:22:13.785" endtime="20230327 17:22:13.785"></status>
</kw>
<kw name="Open Browser" library="SeleniumLibrary">
<doc>Opens a new browser instance to the optional ``url``.</doc>
<arguments>
<arg>${URL}</arg>
</arguments>
<msg timestamp="20230327 17:22:13.786" level="INFO">Opening browser 'firefox' to base url 'https://opensource-demo.orangehrmlive.com/web/index.php/auth/login'.</msg>
<msg timestamp="20230327 17:22:13.786" level="INFO">Firefox driver log is always forced to to: C:\Users\mohamed.ali\IdeaProjects\Demo\Output\geckodriver-1.log</msg>
<status status="PASS" starttime="20230327 17:22:13.785" endtime="20230327 17:22:23.901"></status>
</kw>
<kw name="Set Browser Implicit Wait" library="SeleniumLibrary">
<doc>Sets the implicit wait value used by Selenium.</doc>
<arguments>
<arg>3</arg>
</arguments>
<status status="PASS" starttime="20230327 17:22:23.903" endtime="20230327 17:22:23.905"></status>
</kw>
<kw name="LoginNow">
<kw name="Input Text" library="SeleniumLibrary">
<doc>Types the given ``text`` into the text field identified by ``locator``.</doc>
<arguments>
<arg>name=username</arg>
<arg>@{Credentials}[0]</arg>
</arguments>
<msg timestamp="20230327 17:22:23.906" level="WARN">Accessing variable items using '@{Credentials}[0]' syntax is deprecated. Use '${Credentials}[0]' instead.</msg>
<msg timestamp="20230327 17:22:23.907" level="INFO">Typing text 'Admin' into text field 'name=username'.</msg>
<status status="PASS" starttime="20230327 17:22:23.906" endtime="20230327 17:22:24.374"></status>
</kw>
<kw name="Input Password" library="SeleniumLibrary">
<doc>Types the given password into the text field identified by ``locator``.</doc>
<arguments>
<arg>name=password</arg>
<arg>&amp;{LoginData}[password]</arg>
</arguments>
<msg timestamp="20230327 17:22:24.374" level="WARN">Accessing variable items using '&amp;{LoginData}[password]' syntax is deprecated. Use '${LoginData}[password]' instead.</msg>
<msg timestamp="20230327 17:22:24.375" level="INFO">Typing password into text field 'name=password'.</msg>
<msg timestamp="20230327 17:22:24.382" level="INFO">Temporally setting log level to: NONE</msg>
<msg timestamp="20230327 17:22:24.396" level="INFO">Log level changed from NONE to INFO.</msg>
<status status="PASS" starttime="20230327 17:22:24.374" endtime="20230327 17:22:24.396"></status>
</kw>
<kw name="Click Button" library="SeleniumLibrary">
<doc>Clicks the button identified by ``locator``.</doc>
<arguments>
<arg>xpath=//div[3]/button</arg>
</arguments>
<msg timestamp="20230327 17:22:24.396" level="INFO">Clicking button 'xpath=//div[3]/button'.</msg>
<status status="PASS" starttime="20230327 17:22:24.396" endtime="20230327 17:22:25.725"></status>
</kw>
<status status="PASS" starttime="20230327 17:22:23.905" endtime="20230327 17:22:25.725"></status>
</kw>
<kw name="Click Element" library="SeleniumLibrary">
<doc>Click the element identified by ``locator``.</doc>
<arguments>
<arg>xpath=//header/div[1]/div[2]//ul/li/span</arg>
</arguments>
<msg timestamp="20230327 17:22:25.725" level="INFO">Clicking element 'xpath=//header/div[1]/div[2]//ul/li/span'.</msg>
<status status="PASS" starttime="20230327 17:22:25.725" endtime="20230327 17:22:26.237"></status>
</kw>
<kw name="Click Element" library="SeleniumLibrary">
<doc>Click the element identified by ``locator``.</doc>
<arguments>
<arg>link=Logout</arg>
</arguments>
<msg timestamp="20230327 17:22:26.237" level="INFO">Clicking element 'link=Logout'.</msg>
<status status="PASS" starttime="20230327 17:22:26.237" endtime="20230327 17:22:27.376"></status>
</kw>
<kw name="Sleep" library="BuiltIn">
<doc>Pauses the test executed for the given time.</doc>
<arguments>
<arg>2</arg>
</arguments>
<msg timestamp="20230327 17:22:29.377" level="INFO">Slept 2 seconds</msg>
<status status="PASS" starttime="20230327 17:22:27.377" endtime="20230327 17:22:29.377"></status>
</kw>
<kw name="Close Browser" library="SeleniumLibrary">
<doc>Closes the current browser.</doc>
<status status="PASS" starttime="20230327 17:22:29.377" endtime="20230327 17:22:32.158"></status>
</kw>
<kw name="Log" library="BuiltIn">
<doc>Logs the given message with the given level.</doc>
<arguments>
<arg>Test Completed..!</arg>
</arguments>
<msg timestamp="20230327 17:22:32.159" level="INFO">Test Completed..!</msg>
<status status="PASS" starttime="20230327 17:22:32.159" endtime="20230327 17:22:32.159"></status>
</kw>
<kw name="Log" library="BuiltIn">
<doc>Logs the given message with the given level.</doc>
<arguments>
<arg>This test was executed by %{username} on %{os}</arg>
</arguments>
<msg timestamp="20230327 17:22:32.159" level="INFO">This test was executed by mohamed.ali on Windows_NT</msg>
<status status="PASS" starttime="20230327 17:22:32.159" endtime="20230327 17:22:32.159"></status>
</kw>
<kw name="Log" library="BuiltIn" type="teardown">
<doc>Logs the given message with the given level.</doc>
<arguments>
<arg>I'm inside Test Teardwon</arg>
</arguments>
<msg timestamp="20230327 17:22:32.160" level="INFO">I'm inside Test Teardwon</msg>
<status status="PASS" starttime="20230327 17:22:32.159" endtime="20230327 17:22:32.160"></status>
</kw>
<doc>This is simple login test</doc>
<status status="PASS" starttime="20230327 17:22:13.784" endtime="20230327 17:22:32.160" critical="yes"></status>
</test>
<kw name="Log" library="BuiltIn" type="teardown">
<doc>Logs the given message with the given level.</doc>
<arguments>
<arg>I'm inside Test Suite Teardown</arg>
</arguments>
<msg timestamp="20230327 17:22:32.162" level="INFO">I'm inside Test Suite Teardown</msg>
<status status="PASS" starttime="20230327 17:22:32.162" endtime="20230327 17:22:32.162"></status>
</kw>
<status status="PASS" starttime="20230327 17:21:44.200" endtime="20230327 17:22:32.162"></status>
</suite>
<statistics>
<total>
<stat pass="3" fail="0">Critical Tests</stat>
<stat pass="3" fail="0">All Tests</stat>
</total>
<tag>
</tag>
<suite>
<stat pass="3" fail="0" id="s1" name="TestSuite01">TestSuite01</stat>
</suite>
</statistics>
<errors>
<msg timestamp="20230327 17:22:23.906" level="WARN">Accessing variable items using '@{Credentials}[0]' syntax is deprecated. Use '${Credentials}[0]' instead.</msg>
<msg timestamp="20230327 17:22:24.374" level="WARN">Accessing variable items using '&amp;{LoginData}[password]' syntax is deprecated. Use '${LoginData}[password]' instead.</msg>
</errors>
</robot>
